0    INFO  [2017-05-24 16:59:37]  code: 34370068cbe7dd3eb90a1b17f98ed096
4    DEBUG [2017-05-24 16:59:37]  Request:
4    DEBUG [2017-05-24 16:59:37]  POSThttps://api.weibo.com/oauth2/access_token
1583 DEBUG [2017-05-24 16:59:39]  Response:
1583 DEBUG [2017-05-24 16:59:39]  https StatusCode:200
1584 DEBUG [2017-05-24 16:59:39]  Server:nginx/1.6.1
1584 DEBUG [2017-05-24 16:59:39]  Date:Wed, 24 May 2017 08:59:40 GMT
1585 DEBUG [2017-05-24 16:59:39]  Content-Type:text/plain;charset=UTF-8
1585 DEBUG [2017-05-24 16:59:39]  Content-Length:113
1585 DEBUG [2017-05-24 16:59:39]  Connection:keep-alive
1585 DEBUG [2017-05-24 16:59:39]  Pragma:No-cache
1585 DEBUG [2017-05-24 16:59:39]  Cache-Control:no-cache
1585 DEBUG [2017-05-24 16:59:39]  Expires:Thu, 01 Jan 1970 00:00:00 GMT
1586 DEBUG [2017-05-24 16:59:39]  Api-Server-IP:10.75.25.86
1589 DEBUG [2017-05-24 16:59:39]  {"access_token":"2.00qpXv_GRzwlnB4c039e6b91suY1FC","remind_in":"2628019","expires_in":2628019,"uid":"5791262138"}

0    INFO  [2017-05-25 10:36:03]  code: 72b58f5bde6cd98abf02812cb17208bd
18   DEBUG [2017-05-25 10:36:03]  Request:
18   DEBUG [2017-05-25 10:36:03]  POSThttps://api.weibo.com/oauth2/access_token
567  DEBUG [2017-05-25 10:36:03]  Response:
567  DEBUG [2017-05-25 10:36:03]  https StatusCode:200
567  DEBUG [2017-05-25 10:36:03]  Server:nginx/1.6.1
567  DEBUG [2017-05-25 10:36:03]  Date:Thu, 25 May 2017 02:36:04 GMT
567  DEBUG [2017-05-25 10:36:03]  Content-Type:text/plain;charset=UTF-8
567  DEBUG [2017-05-25 10:36:03]  Content-Length:113
567  DEBUG [2017-05-25 10:36:03]  Connection:keep-alive
567  DEBUG [2017-05-25 10:36:03]  Pragma:No-cache
567  DEBUG [2017-05-25 10:36:03]  Cache-Control:no-cache
567  DEBUG [2017-05-25 10:36:03]  Expires:Thu, 01 Jan 1970 00:00:00 GMT
567  DEBUG [2017-05-25 10:36:03]  Api-Server-IP:10.75.25.86
584  DEBUG [2017-05-25 10:36:03]  {"access_token":"2.00qpXv_GRzwlnB4c039e6b91suY1FC","remind_in":"2651035","expires_in":2651035,"uid":"5791262138"}

0    INFO  [2017-05-25 11:45:41]  code: 83009B0E13D26DC3DB39E9102F40B667
0    DEBUG [2017-05-25 11:45:41]  Request:
0    DEBUG [2017-05-25 11:45:41]  POSThttps://api.weibo.com/oauth2/access_token
512  DEBUG [2017-05-25 11:45:42]  Response:
512  DEBUG [2017-05-25 11:45:42]  https StatusCode:400
512  DEBUG [2017-05-25 11:45:42]  Server:nginx/1.6.1
512  DEBUG [2017-05-25 11:45:42]  Date:Thu, 25 May 2017 03:45:43 GMT
512  DEBUG [2017-05-25 11:45:42]  Transfer-Encoding:chunked
512  DEBUG [2017-05-25 11:45:42]  Connection:keep-alive
512  DEBUG [2017-05-25 11:45:42]  Pragma:No-cache
512  DEBUG [2017-05-25 11:45:42]  Cache-Control:no-cache
512  DEBUG [2017-05-25 11:45:42]  Expires:Thu, 01 Jan 1970 00:00:00 GMT
512  DEBUG [2017-05-25 11:45:42]  Api-Server-IP:10.75.2.82
528  WARN  [2017-05-25 11:45:42]  Going to buffer response body of large or unknown size. Using getResponseBodyAsStream instead is recommended.
529  DEBUG [2017-05-25 11:45:42]  {"error":"invalid_grant","error_code":21325,"request":"/oauth2/access_token","error_uri":"/oauth2/access_token","error_description":"invalid authorization code:83009B0E13D26DC3DB39E9102F40B667"}

0    INFO  [2017-05-25 12:28:55]  code: a3ab04d0a743a20fe8d288798ab50b6a
16   DEBUG [2017-05-25 12:28:55]  Request:
16   DEBUG [2017-05-25 12:28:55]  POSThttps://api.weibo.com/oauth2/access_token
484  DEBUG [2017-05-25 12:28:55]  Response:
484  DEBUG [2017-05-25 12:28:55]  https StatusCode:200
484  DEBUG [2017-05-25 12:28:55]  Server:nginx/1.6.1
484  DEBUG [2017-05-25 12:28:55]  Date:Thu, 25 May 2017 04:28:56 GMT
484  DEBUG [2017-05-25 12:28:55]  Content-Type:text/plain;charset=UTF-8
484  DEBUG [2017-05-25 12:28:55]  Content-Length:113
484  DEBUG [2017-05-25 12:28:55]  Connection:keep-alive
484  DEBUG [2017-05-25 12:28:55]  Pragma:No-cache
484  DEBUG [2017-05-25 12:28:55]  Cache-Control:no-cache
484  DEBUG [2017-05-25 12:28:55]  Expires:Thu, 01 Jan 1970 00:00:00 GMT
484  DEBUG [2017-05-25 12:28:55]  Api-Server-IP:10.73.89.47
484  DEBUG [2017-05-25 12:28:55]  {"access_token":"2.00qpXv_GRzwlnB4c039e6b91suY1FC","remind_in":"2644263","expires_in":2644263,"uid":"5791262138"}

0    INFO  [2017-05-25 12:29:37]  code: e4da4692ec8da260832272b62e87dee7
0    DEBUG [2017-05-25 12:29:37]  Request:
0    DEBUG [2017-05-25 12:29:37]  POSThttps://api.weibo.com/oauth2/access_token
498  DEBUG [2017-05-25 12:29:37]  Response:
498  DEBUG [2017-05-25 12:29:37]  https StatusCode:200
498  DEBUG [2017-05-25 12:29:37]  Server:nginx/1.6.1
498  DEBUG [2017-05-25 12:29:37]  Date:Thu, 25 May 2017 04:29:38 GMT
498  DEBUG [2017-05-25 12:29:37]  Content-Type:text/plain;charset=UTF-8
498  DEBUG [2017-05-25 12:29:37]  Content-Length:113
498  DEBUG [2017-05-25 12:29:37]  Connection:keep-alive
498  DEBUG [2017-05-25 12:29:37]  Pragma:No-cache
498  DEBUG [2017-05-25 12:29:37]  Cache-Control:no-cache
498  DEBUG [2017-05-25 12:29:37]  Expires:Thu, 01 Jan 1970 00:00:00 GMT
498  DEBUG [2017-05-25 12:29:37]  Api-Server-IP:10.73.89.48
498  DEBUG [2017-05-25 12:29:37]  {"access_token":"2.00qpXv_GRzwlnB4c039e6b91suY1FC","remind_in":"2644221","expires_in":2644221,"uid":"5791262138"}

0    INFO  [2017-05-25 12:35:42]  code: 074780ebc4b47fc74943e139b00216e1
1    DEBUG [2017-05-25 12:35:42]  Request:
1    DEBUG [2017-05-25 12:35:42]  POSThttps://api.weibo.com/oauth2/access_token
491  DEBUG [2017-05-25 12:35:43]  Response:
492  DEBUG [2017-05-25 12:35:43]  https StatusCode:200
492  DEBUG [2017-05-25 12:35:43]  Server:nginx/1.6.1
492  DEBUG [2017-05-25 12:35:43]  Date:Thu, 25 May 2017 04:35:44 GMT
493  DEBUG [2017-05-25 12:35:43]  Content-Type:text/plain;charset=UTF-8
493  DEBUG [2017-05-25 12:35:43]  Content-Length:113
493  DEBUG [2017-05-25 12:35:43]  Connection:keep-alive
494  DEBUG [2017-05-25 12:35:43]  Pragma:No-cache
494  DEBUG [2017-05-25 12:35:43]  Cache-Control:no-cache
494  DEBUG [2017-05-25 12:35:43]  Expires:Thu, 01 Jan 1970 00:00:00 GMT
495  DEBUG [2017-05-25 12:35:43]  Api-Server-IP:10.73.89.48
501  DEBUG [2017-05-25 12:35:43]  {"access_token":"2.00qpXv_GRzwlnB4c039e6b91suY1FC","remind_in":"2643855","expires_in":2643855,"uid":"5791262138"}

0    INFO  [2017-05-26 09:31:38]  code: 60f7776a83ee19fc00201610e7bbe1f3
48   DEBUG [2017-05-26 09:31:38]  Request:
48   DEBUG [2017-05-26 09:31:38]  POSThttps://api.weibo.com/oauth2/access_token
1436 DEBUG [2017-05-26 09:31:39]  Response:
1436 DEBUG [2017-05-26 09:31:39]  https StatusCode:200
1436 DEBUG [2017-05-26 09:31:39]  Server:nginx/1.6.1
1436 DEBUG [2017-05-26 09:31:39]  Date:Fri, 26 May 2017 01:31:40 GMT
1436 DEBUG [2017-05-26 09:31:39]  Content-Type:text/plain;charset=UTF-8
1436 DEBUG [2017-05-26 09:31:39]  Content-Length:113
1436 DEBUG [2017-05-26 09:31:39]  Connection:keep-alive
1436 DEBUG [2017-05-26 09:31:39]  Pragma:No-cache
1436 DEBUG [2017-05-26 09:31:39]  Cache-Control:no-cache
1436 DEBUG [2017-05-26 09:31:39]  Expires:Thu, 01 Jan 1970 00:00:00 GMT
1468 DEBUG [2017-05-26 09:31:39]  {"access_token":"2.00qpXv_GRzwlnB4c039e6b91suY1FC","remind_in":"2654899","expires_in":2654899,"uid":"5791262138"}

0    WARN  [2017-05-26 09:42:13]  Going to buffer response body of large or unknown size. Using getResponseBodyAsStream instead is recommended.
0    WARN  [2017-05-26 09:50:18]  Going to buffer response body of large or unknown size. Using getResponseBodyAsStream instead is recommended.
0    WARN  [2017-05-26 10:18:03]  Going to buffer response body of large or unknown size. Using getResponseBodyAsStream instead is recommended.
0    WARN  [2017-05-26 10:22:35]  Going to buffer response body of large or unknown size. Using getResponseBodyAsStream instead is recommended.
0    WARN  [2017-05-26 10:23:49]  Going to buffer response body of large or unknown size. Using getResponseBodyAsStream instead is recommended.
0    WARN  [2017-05-26 10:29:02]  Going to buffer response body of large or unknown size. Using getResponseBodyAsStream instead is recommended.
1    WARN  [2017-05-26 10:38:03]  Going to buffer response body of large or unknown size. Using getResponseBodyAsStream instead is recommended.
0    WARN  [2017-05-26 10:58:05]  Going to buffer response body of large or unknown size. Using getResponseBodyAsStream instead is recommended.
0    WARN  [2017-05-26 10:59:20]  Going to buffer response body of large or unknown size. Using getResponseBodyAsStream instead is recommended.
0    WARN  [2017-05-26 10:59:59]  Going to buffer response body of large or unknown size. Using getResponseBodyAsStream instead is recommended.
0    WARN  [2017-05-26 11:02:00]  Going to buffer response body of large or unknown size. Using getResponseBodyAsStream instead is recommended.
0    WARN  [2017-05-26 11:02:17]  Going to buffer response body of large or unknown size. Using getResponseBodyAsStream instead is recommended.
0    WARN  [2017-05-26 11:12:10]  Going to buffer response body of large or unknown size. Using getResponseBodyAsStream instead is recommended.
0    WARN  [2017-05-26 11:19:32]  Going to buffer response body of large or unknown size. Using getResponseBodyAsStream instead is recommended.
0    WARN  [2017-05-26 11:21:06]  Going to buffer response body of large or unknown size. Using getResponseBodyAsStream instead is recommended.
0    WARN  [2017-05-26 11:22:48]  Going to buffer response body of large or unknown size. Using getResponseBodyAsStream instead is recommended.
0    WARN  [2017-05-26 11:35:41]  Going to buffer response body of large or unknown size. Using getResponseBodyAsStream instead is recommended.
0    WARN  [2017-05-26 11:48:19]  Going to buffer response body of large or unknown size. Using getResponseBodyAsStream instead is recommended.
0    WARN  [2017-05-26 11:48:53]  Going to buffer response body of large or unknown size. Using getResponseBodyAsStream instead is recommended.
0    INFO  [2017-05-26 14:20:01]  code: 1dfac1252ce0b25ad03926ff07e5d75b
15   DEBUG [2017-05-26 14:20:01]  Request:
15   DEBUG [2017-05-26 14:20:01]  POSThttps://api.weibo.com/oauth2/access_token
850  DEBUG [2017-05-26 14:20:02]  Response:
850  DEBUG [2017-05-26 14:20:02]  https StatusCode:200
850  DEBUG [2017-05-26 14:20:02]  Server:nginx/1.6.1
850  DEBUG [2017-05-26 14:20:02]  Date:Fri, 26 May 2017 06:20:03 GMT
850  DEBUG [2017-05-26 14:20:02]  Content-Type:text/plain;charset=UTF-8
850  DEBUG [2017-05-26 14:20:02]  Content-Length:113
850  DEBUG [2017-05-26 14:20:02]  Connection:keep-alive
850  DEBUG [2017-05-26 14:20:02]  Pragma:No-cache
850  DEBUG [2017-05-26 14:20:02]  Cache-Control:no-cache
850  DEBUG [2017-05-26 14:20:02]  Expires:Thu, 01 Jan 1970 00:00:00 GMT
866  DEBUG [2017-05-26 14:20:02]  {"access_token":"2.00qpXv_GRzwlnB4c039e6b91suY1FC","remind_in":"2637596","expires_in":2637596,"uid":"5791262138"}

0    WARN  [2017-05-26 14:31:47]  Going to buffer response body of large or unknown size. Using getResponseBodyAsStream instead is recommended.
0    WARN  [2017-05-26 14:33:38]  Going to buffer response body of large or unknown size. Using getResponseBodyAsStream instead is recommended.
0    WARN  [2017-05-26 16:17:28]  Going to buffer response body of large or unknown size. Using getResponseBodyAsStream instead is recommended.
0    WARN  [2017-05-26 16:19:25]  Going to buffer response body of large or unknown size. Using getResponseBodyAsStream instead is recommended.
1622 WARN  [2017-05-26 16:19:27]  Going to buffer response body of large or unknown size. Using getResponseBodyAsStream instead is recommended.
0    WARN  [2017-05-26 16:23:12]  Going to buffer response body of large or unknown size. Using getResponseBodyAsStream instead is recommended.
2824 WARN  [2017-05-26 16:23:15]  Going to buffer response body of large or unknown size. Using getResponseBodyAsStream instead is recommended.
0    WARN  [2017-05-26 16:26:17]  Going to buffer response body of large or unknown size. Using getResponseBodyAsStream instead is recommended.
1438 WARN  [2017-05-26 16:26:18]  Going to buffer response body of large or unknown size. Using getResponseBodyAsStream instead is recommended.
0    WARN  [2017-05-26 16:36:10]  Going to buffer response body of large or unknown size. Using getResponseBodyAsStream instead is recommended.
1529 WARN  [2017-05-26 16:36:11]  Going to buffer response body of large or unknown size. Using getResponseBodyAsStream instead is recommended.
0    WARN  [2017-05-26 16:36:30]  Going to buffer response body of large or unknown size. Using getResponseBodyAsStream instead is recommended.
1412 WARN  [2017-05-26 16:36:32]  Going to buffer response body of large or unknown size. Using getResponseBodyAsStream instead is recommended.
0    WARN  [2017-05-26 16:39:46]  Going to buffer response body of large or unknown size. Using getResponseBodyAsStream instead is recommended.
1513 WARN  [2017-05-26 16:39:47]  Going to buffer response body of large or unknown size. Using getResponseBodyAsStream instead is recommended.
0    WARN  [2017-05-26 16:39:58]  Going to buffer response body of large or unknown size. Using getResponseBodyAsStream instead is recommended.
1436 WARN  [2017-05-26 16:39:59]  Going to buffer response body of large or unknown size. Using getResponseBodyAsStream instead is recommended.
0    INFO  [2017-05-26 16:40:23]  code: e3f913a622b8deef8748bed976337a45
15   DEBUG [2017-05-26 16:40:23]  Request:
15   DEBUG [2017-05-26 16:40:23]  POSThttps://api.weibo.com/oauth2/access_token
578  DEBUG [2017-05-26 16:40:23]  Response:
578  DEBUG [2017-05-26 16:40:23]  https StatusCode:200
578  DEBUG [2017-05-26 16:40:23]  Server:nginx/1.6.1
578  DEBUG [2017-05-26 16:40:23]  Date:Fri, 26 May 2017 08:40:25 GMT
578  DEBUG [2017-05-26 16:40:23]  Content-Type:text/plain;charset=UTF-8
578  DEBUG [2017-05-26 16:40:23]  Content-Length:113
578  DEBUG [2017-05-26 16:40:23]  Connection:keep-alive
578  DEBUG [2017-05-26 16:40:23]  Pragma:No-cache
578  DEBUG [2017-05-26 16:40:23]  Cache-Control:no-cache
578  DEBUG [2017-05-26 16:40:23]  Expires:Thu, 01 Jan 1970 00:00:00 GMT
578  DEBUG [2017-05-26 16:40:23]  {"access_token":"2.00qpXv_GRzwlnB4c039e6b91suY1FC","remind_in":"2629174","expires_in":2629174,"uid":"5791262138"}

0    WARN  [2017-05-26 16:40:37]  Going to buffer response body of large or unknown size. Using getResponseBodyAsStream instead is recommended.
1468 WARN  [2017-05-26 16:40:38]  Going to buffer response body of large or unknown size. Using getResponseBodyAsStream instead is recommended.
0    WARN  [2017-05-26 16:47:40]  Going to buffer response body of large or unknown size. Using getResponseBodyAsStream instead is recommended.
2544 WARN  [2017-05-26 16:47:43]  Going to buffer response body of large or unknown size. Using getResponseBodyAsStream instead is recommended.
0    WARN  [2017-05-26 16:51:48]  Going to buffer response body of large or unknown size. Using getResponseBodyAsStream instead is recommended.
1707 WARN  [2017-05-26 16:51:49]  Going to buffer response body of large or unknown size. Using getResponseBodyAsStream instead is recommended.
0    WARN  [2017-05-26 16:53:50]  Going to buffer response body of large or unknown size. Using getResponseBodyAsStream instead is recommended.
1641 WARN  [2017-05-26 16:53:51]  Going to buffer response body of large or unknown size. Using getResponseBodyAsStream instead is recommended.
2001 WARN  [2017-05-26 16:53:52]  Going to buffer response body of large or unknown size. Using getResponseBodyAsStream instead is recommended.
0    WARN  [2017-05-26 16:54:18]  Going to buffer response body of large or unknown size. Using getResponseBodyAsStream instead is recommended.
1412 WARN  [2017-05-26 16:54:19]  Going to buffer response body of large or unknown size. Using getResponseBodyAsStream instead is recommended.
1897 WARN  [2017-05-26 16:54:20]  Going to buffer response body of large or unknown size. Using getResponseBodyAsStream instead is recommended.
0    INFO  [2017-05-26 16:55:46]  code: c6a6c88d9d7bd5b213b2892e7318dacd
0    DEBUG [2017-05-26 16:55:46]  Request:
0    DEBUG [2017-05-26 16:55:46]  POSThttps://api.weibo.com/oauth2/access_token
470  DEBUG [2017-05-26 16:55:47]  Response:
470  DEBUG [2017-05-26 16:55:47]  https StatusCode:200
470  DEBUG [2017-05-26 16:55:47]  Server:nginx/1.6.1
470  DEBUG [2017-05-26 16:55:47]  Date:Fri, 26 May 2017 08:55:48 GMT
470  DEBUG [2017-05-26 16:55:47]  Content-Type:text/plain;charset=UTF-8
470  DEBUG [2017-05-26 16:55:47]  Content-Length:113
470  DEBUG [2017-05-26 16:55:47]  Connection:keep-alive
470  DEBUG [2017-05-26 16:55:47]  Pragma:No-cache
470  DEBUG [2017-05-26 16:55:47]  Cache-Control:no-cache
470  DEBUG [2017-05-26 16:55:47]  Expires:Thu, 01 Jan 1970 00:00:00 GMT
470  DEBUG [2017-05-26 16:55:47]  {"access_token":"2.00qpXv_GRzwlnB4c039e6b91suY1FC","remind_in":"2628251","expires_in":2628251,"uid":"5791262138"}

0    WARN  [2017-05-26 16:55:51]  Going to buffer response body of large or unknown size. Using getResponseBodyAsStream instead is recommended.
1451 WARN  [2017-05-26 16:55:53]  Going to buffer response body of large or unknown size. Using getResponseBodyAsStream instead is recommended.
2444 WARN  [2017-05-26 16:55:54]  Going to buffer response body of large or unknown size. Using getResponseBodyAsStream instead is recommended.
0    WARN  [2017-05-26 17:07:43]  Going to buffer response body of large or unknown size. Using getResponseBodyAsStream instead is recommended.
1593 WARN  [2017-05-26 17:07:44]  Going to buffer response body of large or unknown size. Using getResponseBodyAsStream instead is recommended.
3283 WARN  [2017-05-26 17:07:46]  Going to buffer response body of large or unknown size. Using getResponseBodyAsStream instead is recommended.
0    INFO  [2017-05-26 18:15:22]  code: null
0    DEBUG [2017-05-26 18:15:22]  Request:
0    DEBUG [2017-05-26 18:15:22]  POSThttps://api.weibo.com/oauth2/access_token
0    INFO  [2017-05-26 18:15:22]  code: null
0    DEBUG [2017-05-26 18:15:22]  Request:
0    DEBUG [2017-05-26 18:15:22]  POSThttps://api.weibo.com/oauth2/access_token
0    INFO  [2017-05-27 09:32:40]  code: 22f0afd8818b9bfaa569c57a7227c67f
48   DEBUG [2017-05-27 09:32:40]  Request:
48   DEBUG [2017-05-27 09:32:40]  POSThttps://api.weibo.com/oauth2/access_token
704  DEBUG [2017-05-27 09:32:41]  Response:
704  DEBUG [2017-05-27 09:32:41]  https StatusCode:200
704  DEBUG [2017-05-27 09:32:41]  Server:nginx/1.6.1
704  DEBUG [2017-05-27 09:32:41]  Date:Sat, 27 May 2017 01:32:42 GMT
704  DEBUG [2017-05-27 09:32:41]  Content-Type:text/plain;charset=UTF-8
704  DEBUG [2017-05-27 09:32:41]  Content-Length:113
704  DEBUG [2017-05-27 09:32:41]  Connection:keep-alive
704  DEBUG [2017-05-27 09:32:41]  Pragma:No-cache
704  DEBUG [2017-05-27 09:32:41]  Cache-Control:no-cache
704  DEBUG [2017-05-27 09:32:41]  Expires:Thu, 01 Jan 1970 00:00:00 GMT
735  DEBUG [2017-05-27 09:32:41]  {"access_token":"2.00qpXv_GRzwlnB4c039e6b91suY1FC","remind_in":"2654837","expires_in":2654837,"uid":"5791262138"}

0    INFO  [2017-05-27 10:15:06]  code: 99f9624b8ebc97a1ce215c3f53a4485a
15   DEBUG [2017-05-27 10:15:06]  Request:
15   DEBUG [2017-05-27 10:15:06]  POSThttps://api.weibo.com/oauth2/access_token
500  DEBUG [2017-05-27 10:15:06]  Response:
500  DEBUG [2017-05-27 10:15:06]  https StatusCode:200
500  DEBUG [2017-05-27 10:15:06]  Server:nginx/1.6.1
500  DEBUG [2017-05-27 10:15:06]  Date:Sat, 27 May 2017 02:15:08 GMT
516  DEBUG [2017-05-27 10:15:06]  Content-Type:text/plain;charset=UTF-8
516  DEBUG [2017-05-27 10:15:06]  Content-Length:113
516  DEBUG [2017-05-27 10:15:06]  Connection:keep-alive
516  DEBUG [2017-05-27 10:15:06]  Pragma:No-cache
516  DEBUG [2017-05-27 10:15:06]  Cache-Control:no-cache
516  DEBUG [2017-05-27 10:15:06]  Expires:Thu, 01 Jan 1970 00:00:00 GMT
516  DEBUG [2017-05-27 10:15:06]  {"access_token":"2.00qpXv_GRzwlnB4c039e6b91suY1FC","remind_in":"2652291","expires_in":2652291,"uid":"5791262138"}

0    INFO  [2017-05-27 10:37:04]  code: ed6d951642eb75bc88bcd34b350f430a
48   DEBUG [2017-05-27 10:37:04]  Request:
48   DEBUG [2017-05-27 10:37:04]  POSThttps://api.weibo.com/oauth2/access_token
1218 DEBUG [2017-05-27 10:37:05]  Response:
1218 DEBUG [2017-05-27 10:37:05]  https StatusCode:200
1218 DEBUG [2017-05-27 10:37:05]  Server:nginx/1.6.1
1218 DEBUG [2017-05-27 10:37:05]  Date:Sat, 27 May 2017 02:37:07 GMT
1218 DEBUG [2017-05-27 10:37:05]  Content-Type:text/plain;charset=UTF-8
1218 DEBUG [2017-05-27 10:37:05]  Content-Length:111
1218 DEBUG [2017-05-27 10:37:05]  Connection:keep-alive
1218 DEBUG [2017-05-27 10:37:05]  Pragma:No-cache
1218 DEBUG [2017-05-27 10:37:05]  Cache-Control:no-cache
1218 DEBUG [2017-05-27 10:37:05]  Expires:Thu, 01 Jan 1970 00:00:00 GMT
1234 DEBUG [2017-05-27 10:37:05]  {"access_token":"2.00qpXv_GyEMhTDb2d563461db6b7hB","remind_in":"145372","expires_in":145372,"uid":"5791262138"}

1    INFO  [2017-05-27 10:39:08]  code: 1651601463
6    DEBUG [2017-05-27 10:39:08]  Request:
7    DEBUG [2017-05-27 10:39:08]  POSThttps://api.weibo.com/oauth2/access_token
459  DEBUG [2017-05-27 10:39:09]  Response:
459  DEBUG [2017-05-27 10:39:09]  https StatusCode:400
459  DEBUG [2017-05-27 10:39:09]  Server:nginx/1.6.1
460  DEBUG [2017-05-27 10:39:09]  Date:Sat, 27 May 2017 02:39:10 GMT
460  DEBUG [2017-05-27 10:39:09]  Transfer-Encoding:chunked
460  DEBUG [2017-05-27 10:39:09]  Connection:keep-alive
460  DEBUG [2017-05-27 10:39:09]  Pragma:No-cache
460  DEBUG [2017-05-27 10:39:09]  Cache-Control:no-cache
460  DEBUG [2017-05-27 10:39:09]  Expires:Thu, 01 Jan 1970 00:00:00 GMT
461  WARN  [2017-05-27 10:39:09]  Going to buffer response body of large or unknown size. Using getResponseBodyAsStream instead is recommended.
462  DEBUG [2017-05-27 10:39:09]  {"error":"invalid_grant","error_code":21325,"request":"/oauth2/access_token","error_uri":"/oauth2/access_token","error_description":"invalid authorization code:1651601463"}

0    INFO  [2017-05-27 10:40:22]  code: dcb41f73c22da12d4ca60c88255f6645
16   DEBUG [2017-05-27 10:40:22]  Request:
16   DEBUG [2017-05-27 10:40:22]  POSThttps://api.weibo.com/oauth2/access_token
482  DEBUG [2017-05-27 10:40:22]  Response:
482  DEBUG [2017-05-27 10:40:22]  https StatusCode:400
482  DEBUG [2017-05-27 10:40:22]  Server:nginx/1.6.1
482  DEBUG [2017-05-27 10:40:22]  Date:Sat, 27 May 2017 02:40:24 GMT
482  DEBUG [2017-05-27 10:40:22]  Transfer-Encoding:chunked
482  DEBUG [2017-05-27 10:40:22]  Connection:keep-alive
482  DEBUG [2017-05-27 10:40:22]  Pragma:No-cache
482  DEBUG [2017-05-27 10:40:22]  Cache-Control:no-cache
482  DEBUG [2017-05-27 10:40:22]  Expires:Thu, 01 Jan 1970 00:00:00 GMT
482  WARN  [2017-05-27 10:40:22]  Going to buffer response body of large or unknown size. Using getResponseBodyAsStream instead is recommended.
482  DEBUG [2017-05-27 10:40:22]  {"error":"invalid_grant","error_code":21325,"request":"/oauth2/access_token","error_uri":"/oauth2/access_token","error_description":"clientId not equal, clinetId = 3187206780, clinetIdFromCode = 1651601463."}

0    INFO  [2017-05-27 10:50:34]  code: 387f115c545a1e97a7ff4b9742a913a0
16   DEBUG [2017-05-27 10:50:34]  Request:
16   DEBUG [2017-05-27 10:50:34]  POSThttps://api.weibo.com/oauth2/access_token
1093 DEBUG [2017-05-27 10:50:35]  Response:
1093 DEBUG [2017-05-27 10:50:35]  https StatusCode:200
1093 DEBUG [2017-05-27 10:50:35]  Server:nginx/1.6.1
1093 DEBUG [2017-05-27 10:50:35]  Date:Sat, 27 May 2017 02:50:37 GMT
1093 DEBUG [2017-05-27 10:50:35]  Content-Type:text/plain;charset=UTF-8
1093 DEBUG [2017-05-27 10:50:35]  Content-Length:113
1093 DEBUG [2017-05-27 10:50:35]  Connection:keep-alive
1093 DEBUG [2017-05-27 10:50:35]  Pragma:No-cache
1093 DEBUG [2017-05-27 10:50:35]  Cache-Control:no-cache
1093 DEBUG [2017-05-27 10:50:35]  Expires:Thu, 01 Jan 1970 00:00:00 GMT
1109 DEBUG [2017-05-27 10:50:35]  {"access_token":"2.00qpXv_GRzwlnB4c039e6b91suY1FC","remind_in":"2650162","expires_in":2650162,"uid":"5791262138"}

0    WARN  [2017-05-27 10:50:52]  Going to buffer response body of large or unknown size. Using getResponseBodyAsStream instead is recommended.
1910 WARN  [2017-05-27 10:50:54]  Going to buffer response body of large or unknown size. Using getResponseBodyAsStream instead is recommended.
2217 WARN  [2017-05-27 10:50:54]  Going to buffer response body of large or unknown size. Using getResponseBodyAsStream instead is recommended.
1    INFO  [2017-05-31 18:00:48]  code: fa4e5b49c0784aab0890dc49f57495cb
40   DEBUG [2017-05-31 18:00:48]  Request:
40   DEBUG [2017-05-31 18:00:48]  POSThttps://api.weibo.com/oauth2/access_token
1308 DEBUG [2017-05-31 18:00:49]  Response:
1309 DEBUG [2017-05-31 18:00:49]  https StatusCode:200
1310 DEBUG [2017-05-31 18:00:49]  Server:nginx/1.6.1
1311 DEBUG [2017-05-31 18:00:49]  Date:Wed, 31 May 2017 10:00:50 GMT
1312 DEBUG [2017-05-31 18:00:49]  Content-Type:text/plain;charset=UTF-8
1312 DEBUG [2017-05-31 18:00:49]  Content-Length:111
1313 DEBUG [2017-05-31 18:00:49]  Connection:keep-alive
1313 DEBUG [2017-05-31 18:00:49]  Pragma:No-cache
1314 DEBUG [2017-05-31 18:00:49]  Cache-Control:no-cache
1314 DEBUG [2017-05-31 18:00:49]  Expires:Thu, 01 Jan 1970 00:00:00 GMT
1331 DEBUG [2017-05-31 18:00:49]  {"access_token":"2.00qpXv_G1GbIuBd844d1245926JVGB","remind_in":"118750","expires_in":118750,"uid":"5791262138"}

0    WARN  [2017-06-01 09:04:49]  Going to buffer response body of large or unknown size. Using getResponseBodyAsStream instead is recommended.
2381 WARN  [2017-06-01 09:04:52]  Going to buffer response body of large or unknown size. Using getResponseBodyAsStream instead is recommended.
3354 WARN  [2017-06-01 09:04:53]  Going to buffer response body of large or unknown size. Using getResponseBodyAsStream instead is recommended.
0    DEBUG [2017-06-01 10:35:02]  Get connection for route {s}->https://api.weibo.com
163  DEBUG [2017-06-01 10:35:02]  Connecting to api.weibo.com:443
322  DEBUG [2017-06-01 10:35:02]  CookieSpec selected: best-match
331  DEBUG [2017-06-01 10:35:02]  Auth cache not set in the context
332  DEBUG [2017-06-01 10:35:02]  Target auth state: UNCHALLENGED
332  DEBUG [2017-06-01 10:35:02]  Proxy auth state: UNCHALLENGED
333  DEBUG [2017-06-01 10:35:02]  Attempt 1 to execute request
333  DEBUG [2017-06-01 10:35:02]  Sending request: POST /oauth2/authorize HTTP/1.1
333  DEBUG [2017-06-01 10:35:02]  >> "POST /oauth2/authorize HTTP/1.1[\r][\n]"
334  DEBUG [2017-06-01 10:35:02]  >> "Referer: https://api.weibo.com/oauth2/authorize?client_id=3616023689&redirect_uri=http://127.0.0.1&response_type=code&state=&scope=[\r][\n]"
334  DEBUG [2017-06-01 10:35:02]  >> "Content-Length: 505[\r][\n]"
334  DEBUG [2017-06-01 10:35:02]  >> "Content-Type: application/x-www-form-urlencoded; charset=UTF-8[\r][\n]"
334  DEBUG [2017-06-01 10:35:02]  >> "Host: api.weibo.com[\r][\n]"
334  DEBUG [2017-06-01 10:35:02]  >> "Connection: Keep-Alive[\r][\n]"
335  DEBUG [2017-06-01 10:35:02]  >> "User-Agent: Apache-HttpClient/4.2.1 (java 1.5)[\r][\n]"
335  DEBUG [2017-06-01 10:35:02]  >> "[\r][\n]"
335  DEBUG [2017-06-01 10:35:02]  >> POST /oauth2/authorize HTTP/1.1
335  DEBUG [2017-06-01 10:35:02]  >> Referer: https://api.weibo.com/oauth2/authorize?client_id=3616023689&redirect_uri=http://127.0.0.1&response_type=code&state=&scope=
335  DEBUG [2017-06-01 10:35:02]  >> Content-Length: 505
335  DEBUG [2017-06-01 10:35:02]  >> Content-Type: application/x-www-form-urlencoded; charset=UTF-8
335  DEBUG [2017-06-01 10:35:02]  >> Host: api.weibo.com
335  DEBUG [2017-06-01 10:35:02]  >> Connection: Keep-Alive
336  DEBUG [2017-06-01 10:35:02]  >> User-Agent: Apache-HttpClient/4.2.1 (java 1.5)
336  DEBUG [2017-06-01 10:35:02]  >> "userId=rlp390660%40sina.cn&passwd=4B1ivdq92b30&action=login&display=default&withOfficalFlag=0&withOfficalAccount=&scope=&ticket=&isLoginSina=&response_type=code&regCallback=https%253A%252F%252Fapi.weibo.com%252F2%252Foauth2%252Fauthorize%253Fclient_id%253D3616023689%2526response_type%253Dcode%2526display%253Ddefault%2526redirect_uri%253Dhttp%253A%252F%252F127.0.0.1%2526from%253D%2526with_cookie%253D&redirect_uri=http%3A%2F%2F127.0.0.1&client_id=3616023689&appkey62=5Pph2h&state=&verifyToken=null&from="
565  DEBUG [2017-06-01 10:35:02]  << "HTTP/1.1 200 OK[\r][\n]"
568  DEBUG [2017-06-01 10:35:02]  << "Server: nginx/1.6.1[\r][\n]"
568  DEBUG [2017-06-01 10:35:02]  << "Date: Thu, 01 Jun 2017 02:35:03 GMT[\r][\n]"
568  DEBUG [2017-06-01 10:35:02]  << "Content-Type: text/html;charset=UTF-8[\r][\n]"
568  DEBUG [2017-06-01 10:35:02]  << "Transfer-Encoding: chunked[\r][\n]"
568  DEBUG [2017-06-01 10:35:02]  << "Connection: keep-alive[\r][\n]"
568  DEBUG [2017-06-01 10:35:02]  << "Pragma: No-cache[\r][\n]"
568  DEBUG [2017-06-01 10:35:02]  << "Cache-Control: no-cache[\r][\n]"
568  DEBUG [2017-06-01 10:35:02]  << "Expires: Thu, 01 Jan 1970 00:00:00 GMT[\r][\n]"
568  DEBUG [2017-06-01 10:35:02]  << "Vary: Accept-Encoding[\r][\n]"
568  DEBUG [2017-06-01 10:35:02]  << "[\r][\n]"
568  DEBUG [2017-06-01 10:35:02]  Receiving response: HTTP/1.1 200 OK
568  DEBUG [2017-06-01 10:35:02]  << HTTP/1.1 200 OK
568  DEBUG [2017-06-01 10:35:02]  << Server: nginx/1.6.1
568  DEBUG [2017-06-01 10:35:02]  << Date: Thu, 01 Jun 2017 02:35:03 GMT
568  DEBUG [2017-06-01 10:35:02]  << Content-Type: text/html;charset=UTF-8
568  DEBUG [2017-06-01 10:35:02]  << Transfer-Encoding: chunked
568  DEBUG [2017-06-01 10:35:02]  << Connection: keep-alive
568  DEBUG [2017-06-01 10:35:02]  << Pragma: No-cache
568  DEBUG [2017-06-01 10:35:02]  << Cache-Control: no-cache
568  DEBUG [2017-06-01 10:35:02]  << Expires: Thu, 01 Jan 1970 00:00:00 GMT
568  DEBUG [2017-06-01 10:35:02]  << Vary: Accept-Encoding
568  DEBUG [2017-06-01 10:35:02]  Connection can be kept alive indefinitely
0    DEBUG [2017-06-01 10:36:43]  Get connection for route {s}->https://api.weibo.com
138  DEBUG [2017-06-01 10:36:43]  Connecting to api.weibo.com:443
1275 DEBUG [2017-06-01 10:36:44]  CookieSpec selected: best-match
1291 DEBUG [2017-06-01 10:36:44]  Auth cache not set in the context
1291 DEBUG [2017-06-01 10:36:44]  Target auth state: UNCHALLENGED
1291 DEBUG [2017-06-01 10:36:44]  Proxy auth state: UNCHALLENGED
1291 DEBUG [2017-06-01 10:36:44]  Attempt 1 to execute request
1291 DEBUG [2017-06-01 10:36:44]  Sending request: POST /oauth2/authorize HTTP/1.1
1291 DEBUG [2017-06-01 10:36:44]  >> "POST /oauth2/authorize HTTP/1.1[\r][\n]"
1291 DEBUG [2017-06-01 10:36:44]  >> "Referer: https://api.weibo.com/oauth2/authorize?client_id=3616023689&redirect_uri=http://127.0.0.1&response_type=code&state=&scope=[\r][\n]"
1291 DEBUG [2017-06-01 10:36:44]  >> "Content-Length: 505[\r][\n]"
1291 DEBUG [2017-06-01 10:36:44]  >> "Content-Type: application/x-www-form-urlencoded; charset=UTF-8[\r][\n]"
1291 DEBUG [2017-06-01 10:36:44]  >> "Host: api.weibo.com[\r][\n]"
1291 DEBUG [2017-06-01 10:36:44]  >> "Connection: Keep-Alive[\r][\n]"
1291 DEBUG [2017-06-01 10:36:44]  >> "User-Agent: Apache-HttpClient/4.2.1 (java 1.5)[\r][\n]"
1291 DEBUG [2017-06-01 10:36:44]  >> "[\r][\n]"
1291 DEBUG [2017-06-01 10:36:44]  >> POST /oauth2/authorize HTTP/1.1
1291 DEBUG [2017-06-01 10:36:44]  >> Referer: https://api.weibo.com/oauth2/authorize?client_id=3616023689&redirect_uri=http://127.0.0.1&response_type=code&state=&scope=
1291 DEBUG [2017-06-01 10:36:44]  >> Content-Length: 505
1291 DEBUG [2017-06-01 10:36:44]  >> Content-Type: application/x-www-form-urlencoded; charset=UTF-8
1291 DEBUG [2017-06-01 10:36:44]  >> Host: api.weibo.com
1291 DEBUG [2017-06-01 10:36:44]  >> Connection: Keep-Alive
1291 DEBUG [2017-06-01 10:36:44]  >> User-Agent: Apache-HttpClient/4.2.1 (java 1.5)
1291 DEBUG [2017-06-01 10:36:44]  >> "userId=rlp390660%40sina.cn&passwd=4B1ivdq92b30&action=login&display=default&withOfficalFlag=0&withOfficalAccount=&scope=&ticket=&isLoginSina=&response_type=code&regCallback=https%253A%252F%252Fapi.weibo.com%252F2%252Foauth2%252Fauthorize%253Fclient_id%253D3616023689%2526response_type%253Dcode%2526display%253Ddefault%2526redirect_uri%253Dhttp%253A%252F%252F127.0.0.1%2526from%253D%2526with_cookie%253D&redirect_uri=http%3A%2F%2F127.0.0.1&client_id=3616023689&appkey62=5Pph2h&state=&verifyToken=null&from="
1376 DEBUG [2017-06-01 10:36:44]  << "HTTP/1.1 200 OK[\r][\n]"
1376 DEBUG [2017-06-01 10:36:44]  << "Server: nginx/1.6.1[\r][\n]"
1376 DEBUG [2017-06-01 10:36:44]  << "Date: Thu, 01 Jun 2017 02:36:45 GMT[\r][\n]"
1376 DEBUG [2017-06-01 10:36:44]  << "Content-Type: text/html;charset=UTF-8[\r][\n]"
1376 DEBUG [2017-06-01 10:36:44]  << "Transfer-Encoding: chunked[\r][\n]"
1376 DEBUG [2017-06-01 10:36:44]  << "Connection: keep-alive[\r][\n]"
1376 DEBUG [2017-06-01 10:36:44]  << "Pragma: No-cache[\r][\n]"
1392 DEBUG [2017-06-01 10:36:44]  << "Cache-Control: no-cache[\r][\n]"
1392 DEBUG [2017-06-01 10:36:44]  << "Expires: Thu, 01 Jan 1970 00:00:00 GMT[\r][\n]"
1392 DEBUG [2017-06-01 10:36:44]  << "Vary: Accept-Encoding[\r][\n]"
1392 DEBUG [2017-06-01 10:36:44]  << "[\r][\n]"
1392 DEBUG [2017-06-01 10:36:44]  Receiving response: HTTP/1.1 200 OK
1392 DEBUG [2017-06-01 10:36:44]  << HTTP/1.1 200 OK
1392 DEBUG [2017-06-01 10:36:44]  << Server: nginx/1.6.1
1392 DEBUG [2017-06-01 10:36:44]  << Date: Thu, 01 Jun 2017 02:36:45 GMT
1392 DEBUG [2017-06-01 10:36:44]  << Content-Type: text/html;charset=UTF-8
1392 DEBUG [2017-06-01 10:36:44]  << Transfer-Encoding: chunked
1392 DEBUG [2017-06-01 10:36:44]  << Connection: keep-alive
1392 DEBUG [2017-06-01 10:36:44]  << Pragma: No-cache
1392 DEBUG [2017-06-01 10:36:44]  << Cache-Control: no-cache
1392 DEBUG [2017-06-01 10:36:44]  << Expires: Thu, 01 Jan 1970 00:00:00 GMT
1392 DEBUG [2017-06-01 10:36:44]  << Vary: Accept-Encoding
1409 DEBUG [2017-06-01 10:36:44]  Connection can be kept alive indefinitely
0    DEBUG [2017-06-01 10:38:34]  Get connection for route {s}->https://api.weibo.com
154  DEBUG [2017-06-01 10:38:35]  Connecting to api.weibo.com:443
340  DEBUG [2017-06-01 10:38:35]  CookieSpec selected: best-match
357  DEBUG [2017-06-01 10:38:35]  Auth cache not set in the context
357  DEBUG [2017-06-01 10:38:35]  Target auth state: UNCHALLENGED
357  DEBUG [2017-06-01 10:38:35]  Proxy auth state: UNCHALLENGED
357  DEBUG [2017-06-01 10:38:35]  Attempt 1 to execute request
357  DEBUG [2017-06-01 10:38:35]  Sending request: POST /oauth2/authorize HTTP/1.1
357  DEBUG [2017-06-01 10:38:35]  >> "POST /oauth2/authorize HTTP/1.1[\r][\n]"
357  DEBUG [2017-06-01 10:38:35]  >> "Referer: https://api.weibo.com/oauth2/authorize?client_id=3616023689&redirect_uri=http://127.0.0.1&response_type=code&state=&scope=[\r][\n]"
357  DEBUG [2017-06-01 10:38:35]  >> "Content-Length: 505[\r][\n]"
357  DEBUG [2017-06-01 10:38:35]  >> "Content-Type: application/x-www-form-urlencoded; charset=UTF-8[\r][\n]"
357  DEBUG [2017-06-01 10:38:35]  >> "Host: api.weibo.com[\r][\n]"
357  DEBUG [2017-06-01 10:38:35]  >> "Connection: Keep-Alive[\r][\n]"
357  DEBUG [2017-06-01 10:38:35]  >> "User-Agent: Apache-HttpClient/4.2.1 (java 1.5)[\r][\n]"
357  DEBUG [2017-06-01 10:38:35]  >> "[\r][\n]"
357  DEBUG [2017-06-01 10:38:35]  >> POST /oauth2/authorize HTTP/1.1
357  DEBUG [2017-06-01 10:38:35]  >> Referer: https://api.weibo.com/oauth2/authorize?client_id=3616023689&redirect_uri=http://127.0.0.1&response_type=code&state=&scope=
357  DEBUG [2017-06-01 10:38:35]  >> Content-Length: 505
357  DEBUG [2017-06-01 10:38:35]  >> Content-Type: application/x-www-form-urlencoded; charset=UTF-8
357  DEBUG [2017-06-01 10:38:35]  >> Host: api.weibo.com
357  DEBUG [2017-06-01 10:38:35]  >> Connection: Keep-Alive
357  DEBUG [2017-06-01 10:38:35]  >> User-Agent: Apache-HttpClient/4.2.1 (java 1.5)
357  DEBUG [2017-06-01 10:38:35]  >> "userId=rlp390660%40sina.cn&passwd=4B1ivdq92b30&action=login&display=default&withOfficalFlag=0&withOfficalAccount=&scope=&ticket=&isLoginSina=&response_type=code&regCallback=https%253A%252F%252Fapi.weibo.com%252F2%252Foauth2%252Fauthorize%253Fclient_id%253D3616023689%2526response_type%253Dcode%2526display%253Ddefault%2526redirect_uri%253Dhttp%253A%252F%252F127.0.0.1%2526from%253D%2526with_cookie%253D&redirect_uri=http%3A%2F%2F127.0.0.1&client_id=3616023689&appkey62=5Pph2h&state=&verifyToken=null&from="
437  DEBUG [2017-06-01 10:38:35]  << "HTTP/1.1 200 OK[\r][\n]"
455  DEBUG [2017-06-01 10:38:35]  << "Server: nginx/1.6.1[\r][\n]"
455  DEBUG [2017-06-01 10:38:35]  << "Date: Thu, 01 Jun 2017 02:38:35 GMT[\r][\n]"
455  DEBUG [2017-06-01 10:38:35]  << "Content-Type: text/html;charset=UTF-8[\r][\n]"
455  DEBUG [2017-06-01 10:38:35]  << "Transfer-Encoding: chunked[\r][\n]"
455  DEBUG [2017-06-01 10:38:35]  << "Connection: keep-alive[\r][\n]"
455  DEBUG [2017-06-01 10:38:35]  << "Pragma: No-cache[\r][\n]"
455  DEBUG [2017-06-01 10:38:35]  << "Cache-Control: no-cache[\r][\n]"
455  DEBUG [2017-06-01 10:38:35]  << "Expires: Thu, 01 Jan 1970 00:00:00 GMT[\r][\n]"
455  DEBUG [2017-06-01 10:38:35]  << "Vary: Accept-Encoding[\r][\n]"
455  DEBUG [2017-06-01 10:38:35]  << "[\r][\n]"
455  DEBUG [2017-06-01 10:38:35]  Receiving response: HTTP/1.1 200 OK
455  DEBUG [2017-06-01 10:38:35]  << HTTP/1.1 200 OK
455  DEBUG [2017-06-01 10:38:35]  << Server: nginx/1.6.1
455  DEBUG [2017-06-01 10:38:35]  << Date: Thu, 01 Jun 2017 02:38:35 GMT
455  DEBUG [2017-06-01 10:38:35]  << Content-Type: text/html;charset=UTF-8
455  DEBUG [2017-06-01 10:38:35]  << Transfer-Encoding: chunked
455  DEBUG [2017-06-01 10:38:35]  << Connection: keep-alive
455  DEBUG [2017-06-01 10:38:35]  << Pragma: No-cache
455  DEBUG [2017-06-01 10:38:35]  << Cache-Control: no-cache
455  DEBUG [2017-06-01 10:38:35]  << Expires: Thu, 01 Jan 1970 00:00:00 GMT
455  DEBUG [2017-06-01 10:38:35]  << Vary: Accept-Encoding
471  DEBUG [2017-06-01 10:38:35]  Connection can be kept alive indefinitely
0    DEBUG [2017-06-01 10:43:07]  Get connection for route {s}->https://api.weibo.com
162  DEBUG [2017-06-01 10:43:07]  Connecting to api.weibo.com:443
350  DEBUG [2017-06-01 10:43:07]  CookieSpec selected: best-match
350  DEBUG [2017-06-01 10:43:07]  Auth cache not set in the context
350  DEBUG [2017-06-01 10:43:07]  Target auth state: UNCHALLENGED
350  DEBUG [2017-06-01 10:43:07]  Proxy auth state: UNCHALLENGED
350  DEBUG [2017-06-01 10:43:07]  Attempt 1 to execute request
350  DEBUG [2017-06-01 10:43:07]  Sending request: POST /oauth2/authorize HTTP/1.1
350  DEBUG [2017-06-01 10:43:07]  >> "POST /oauth2/authorize HTTP/1.1[\r][\n]"
366  DEBUG [2017-06-01 10:43:07]  >> "Referer: https://api.weibo.com/oauth2/authorize?client_id=1651601463&redirect_uri=http://sns.whalecloud.com/sina/callback?imei=c1cbc99be4cf339b14869bb91d963cf&appkey=541cf68dfd98c51895027d3c&key=1651601463&secret=84502c2a408c8de5a1c6b7f76d574a84&pcv=2.0&response_type=code&state=&scope=[\r][\n]"
366  DEBUG [2017-06-01 10:43:07]  >> "Content-Length: 835[\r][\n]"
366  DEBUG [2017-06-01 10:43:07]  >> "Content-Type: application/x-www-form-urlencoded; charset=UTF-8[\r][\n]"
366  DEBUG [2017-06-01 10:43:07]  >> "Host: api.weibo.com[\r][\n]"
366  DEBUG [2017-06-01 10:43:07]  >> "Connection: Keep-Alive[\r][\n]"
366  DEBUG [2017-06-01 10:43:07]  >> "User-Agent: Apache-HttpClient/4.2.1 (java 1.5)[\r][\n]"
366  DEBUG [2017-06-01 10:43:07]  >> "[\r][\n]"
366  DEBUG [2017-06-01 10:43:07]  >> POST /oauth2/authorize HTTP/1.1
366  DEBUG [2017-06-01 10:43:07]  >> Referer: https://api.weibo.com/oauth2/authorize?client_id=1651601463&redirect_uri=http://sns.whalecloud.com/sina/callback?imei=c1cbc99be4cf339b14869bb91d963cf&appkey=541cf68dfd98c51895027d3c&key=1651601463&secret=84502c2a408c8de5a1c6b7f76d574a84&pcv=2.0&response_type=code&state=&scope=
366  DEBUG [2017-06-01 10:43:07]  >> Content-Length: 835
366  DEBUG [2017-06-01 10:43:07]  >> Content-Type: application/x-www-form-urlencoded; charset=UTF-8
366  DEBUG [2017-06-01 10:43:07]  >> Host: api.weibo.com
366  DEBUG [2017-06-01 10:43:07]  >> Connection: Keep-Alive
366  DEBUG [2017-06-01 10:43:07]  >> User-Agent: Apache-HttpClient/4.2.1 (java 1.5)
366  DEBUG [2017-06-01 10:43:07]  >> "userId=rlp390660%40sina.cn&passwd=4B1ivdq92b30&action=login&display=default&withOfficalFlag=0&withOfficalAccount=&scope=&ticket=&isLoginSina=&response_type=code&regCallback=https%3A%2F%2Fapi.weibo.com%2F2%2Foauth2%2Fauthorize%3Fclient_id%3D541cf68dfd98c51895027d3c%26response_type%3Dcode%26display%3Ddefault%26redirect_uri%3Dhttp%3A%2F%2Fsns.whalecloud.com%2Fsina%2Fcallback%3Fimei%3Dc1cbc99be4cf339b14869bb91d963cf%26appkey%3D541cf68dfd98c51895027d3c%26key%3D1651601463%26secret%3D84502c2a408c8de5a1c6b7f76d574a84%26pcv%3D2.0%26from%3D%26with_cookie%3D&redirect_uri=http%3A%2F%2Fsns.whalecloud.com%2Fsina%2Fcallback%3Fimei%3Dc1cbc99be4cf339b14869bb91d963cf%26appkey%3D541cf68dfd98c51895027d3c%26key%3D1651601463%26secret%3D84502c2a408c8de5a1c6b7f76d574a84%26pcv%3D2.0&client_id=1651601463&appkey62=5Pph2h&state=&verifyToken=null&from="
403  DEBUG [2017-06-01 10:43:07]  << "HTTP/1.1 200 OK[\r][\n]"
404  DEBUG [2017-06-01 10:43:07]  << "Server: nginx/1.6.1[\r][\n]"
404  DEBUG [2017-06-01 10:43:07]  << "Date: Thu, 01 Jun 2017 02:43:08 GMT[\r][\n]"
404  DEBUG [2017-06-01 10:43:07]  << "Content-Type: text/html;charset=UTF-8[\r][\n]"
405  DEBUG [2017-06-01 10:43:07]  << "Transfer-Encoding: chunked[\r][\n]"
405  DEBUG [2017-06-01 10:43:07]  << "Connection: keep-alive[\r][\n]"
405  DEBUG [2017-06-01 10:43:07]  << "Pragma: No-cache[\r][\n]"
405  DEBUG [2017-06-01 10:43:07]  << "Cache-Control: no-cache[\r][\n]"
405  DEBUG [2017-06-01 10:43:07]  << "Expires: Thu, 01 Jan 1970 00:00:00 GMT[\r][\n]"
405  DEBUG [2017-06-01 10:43:07]  << "Vary: Accept-Encoding[\r][\n]"
405  DEBUG [2017-06-01 10:43:07]  << "[\r][\n]"
406  DEBUG [2017-06-01 10:43:07]  Receiving response: HTTP/1.1 200 OK
406  DEBUG [2017-06-01 10:43:07]  << HTTP/1.1 200 OK
406  DEBUG [2017-06-01 10:43:07]  << Server: nginx/1.6.1
406  DEBUG [2017-06-01 10:43:07]  << Date: Thu, 01 Jun 2017 02:43:08 GMT
406  DEBUG [2017-06-01 10:43:07]  << Content-Type: text/html;charset=UTF-8
406  DEBUG [2017-06-01 10:43:07]  << Transfer-Encoding: chunked
406  DEBUG [2017-06-01 10:43:07]  << Connection: keep-alive
406  DEBUG [2017-06-01 10:43:07]  << Pragma: No-cache
406  DEBUG [2017-06-01 10:43:07]  << Cache-Control: no-cache
407  DEBUG [2017-06-01 10:43:07]  << Expires: Thu, 01 Jan 1970 00:00:00 GMT
407  DEBUG [2017-06-01 10:43:07]  << Vary: Accept-Encoding
410  DEBUG [2017-06-01 10:43:07]  Connection can be kept alive indefinitely
0    INFO  [2017-06-01 10:52:52]  code: acdf81e723b9d03f8c17385621f5552d
18   DEBUG [2017-06-01 10:52:52]  Request:
18   DEBUG [2017-06-01 10:52:52]  POSThttps://api.weibo.com/oauth2/access_token
19560 DEBUG [2017-06-01 10:53:12]  Response:
19560 DEBUG [2017-06-01 10:53:12]  https StatusCode:200
19560 DEBUG [2017-06-01 10:53:12]  Server:nginx/1.6.1
19560 DEBUG [2017-06-01 10:53:12]  Date:Thu, 01 Jun 2017 02:53:06 GMT
19560 DEBUG [2017-06-01 10:53:12]  Content-Type:text/plain;charset=UTF-8
19560 DEBUG [2017-06-01 10:53:12]  Content-Length:113
19560 DEBUG [2017-06-01 10:53:12]  Connection:keep-alive
19560 DEBUG [2017-06-01 10:53:12]  Pragma:No-cache
19560 DEBUG [2017-06-01 10:53:12]  Cache-Control:no-cache
19560 DEBUG [2017-06-01 10:53:12]  Expires:Thu, 01 Jan 1970 00:00:00 GMT
19595 DEBUG [2017-06-01 10:53:12]  {"access_token":"2.00qpXv_GRzwlnB4c039e6b91suY1FC","remind_in":"2650013","expires_in":2650013,"uid":"5791262138"}

0    DEBUG [2017-06-01 17:52:53]  Get connection for route {s}->https://api.weibo.com
274  DEBUG [2017-06-01 17:52:54]  Connecting to api.weibo.com:443
481  DEBUG [2017-06-01 17:52:54]  CookieSpec selected: best-match
493  DEBUG [2017-06-01 17:52:54]  Auth cache not set in the context
493  DEBUG [2017-06-01 17:52:54]  Target auth state: UNCHALLENGED
494  DEBUG [2017-06-01 17:52:54]  Proxy auth state: UNCHALLENGED
494  DEBUG [2017-06-01 17:52:54]  Attempt 1 to execute request
494  DEBUG [2017-06-01 17:52:54]  Sending request: POST /oauth2/authorize HTTP/1.1
495  DEBUG [2017-06-01 17:52:54]  >> "POST /oauth2/authorize HTTP/1.1[\r][\n]"
497  DEBUG [2017-06-01 17:52:54]  >> "Referer: https://api.weibo.com/oauth2/authorize?client_id=1651601463&redirect_uri=http://sns.whalecloud.com/sina/callback?imei=c1cbc99be4cf339b14869bb91d963cf&appkey=541cf68dfd98c51895027d3c&key=1651601463&secret=84502c2a408c8de5a1c6b7f76d574a84&pcv=2.0&response_type=code&state=&scope=[\r][\n]"
497  DEBUG [2017-06-01 17:52:54]  >> "Content-Length: 835[\r][\n]"
497  DEBUG [2017-06-01 17:52:54]  >> "Content-Type: application/x-www-form-urlencoded; charset=UTF-8[\r][\n]"
497  DEBUG [2017-06-01 17:52:54]  >> "Host: api.weibo.com[\r][\n]"
497  DEBUG [2017-06-01 17:52:54]  >> "Connection: Keep-Alive[\r][\n]"
497  DEBUG [2017-06-01 17:52:54]  >> "User-Agent: Apache-HttpClient/4.2.1 (java 1.5)[\r][\n]"
497  DEBUG [2017-06-01 17:52:54]  >> "[\r][\n]"
498  DEBUG [2017-06-01 17:52:54]  >> POST /oauth2/authorize HTTP/1.1
498  DEBUG [2017-06-01 17:52:54]  >> Referer: https://api.weibo.com/oauth2/authorize?client_id=1651601463&redirect_uri=http://sns.whalecloud.com/sina/callback?imei=c1cbc99be4cf339b14869bb91d963cf&appkey=541cf68dfd98c51895027d3c&key=1651601463&secret=84502c2a408c8de5a1c6b7f76d574a84&pcv=2.0&response_type=code&state=&scope=
498  DEBUG [2017-06-01 17:52:54]  >> Content-Length: 835
498  DEBUG [2017-06-01 17:52:54]  >> Content-Type: application/x-www-form-urlencoded; charset=UTF-8
498  DEBUG [2017-06-01 17:52:54]  >> Host: api.weibo.com
498  DEBUG [2017-06-01 17:52:54]  >> Connection: Keep-Alive
498  DEBUG [2017-06-01 17:52:54]  >> User-Agent: Apache-HttpClient/4.2.1 (java 1.5)
500  DEBUG [2017-06-01 17:52:54]  >> "userId=rlp390660%40sina.cn&passwd=4B1ivdq92b30&action=login&display=default&withOfficalFlag=0&withOfficalAccount=&scope=&ticket=&isLoginSina=&response_type=code&regCallback=https%3A%2F%2Fapi.weibo.com%2F2%2Foauth2%2Fauthorize%3Fclient_id%3D541cf68dfd98c51895027d3c%26response_type%3Dcode%26display%3Ddefault%26redirect_uri%3Dhttp%3A%2F%2Fsns.whalecloud.com%2Fsina%2Fcallback%3Fimei%3Dc1cbc99be4cf339b14869bb91d963cf%26appkey%3D541cf68dfd98c51895027d3c%26key%3D1651601463%26secret%3D84502c2a408c8de5a1c6b7f76d574a84%26pcv%3D2.0%26from%3D%26with_cookie%3D&redirect_uri=http%3A%2F%2Fsns.whalecloud.com%2Fsina%2Fcallback%3Fimei%3Dc1cbc99be4cf339b14869bb91d963cf%26appkey%3D541cf68dfd98c51895027d3c%26key%3D1651601463%26secret%3D84502c2a408c8de5a1c6b7f76d574a84%26pcv%3D2.0&client_id=1651601463&appkey62=5Pph2h&state=&verifyToken=null&from="
519  DEBUG [2017-06-01 17:52:54]  << "HTTP/1.1 200 OK[\r][\n]"
520  DEBUG [2017-06-01 17:52:54]  << "Server: nginx/1.6.1[\r][\n]"
520  DEBUG [2017-06-01 17:52:54]  << "Date: Thu, 01 Jun 2017 09:52:54 GMT[\r][\n]"
520  DEBUG [2017-06-01 17:52:54]  << "Content-Type: text/html;charset=UTF-8[\r][\n]"
520  DEBUG [2017-06-01 17:52:54]  << "Transfer-Encoding: chunked[\r][\n]"
520  DEBUG [2017-06-01 17:52:54]  << "Connection: keep-alive[\r][\n]"
520  DEBUG [2017-06-01 17:52:54]  << "Pragma: No-cache[\r][\n]"
521  DEBUG [2017-06-01 17:52:54]  << "Cache-Control: no-cache[\r][\n]"
521  DEBUG [2017-06-01 17:52:54]  << "Expires: Thu, 01 Jan 1970 00:00:00 GMT[\r][\n]"
521  DEBUG [2017-06-01 17:52:54]  << "Vary: Accept-Encoding[\r][\n]"
521  DEBUG [2017-06-01 17:52:54]  << "[\r][\n]"
522  DEBUG [2017-06-01 17:52:54]  Receiving response: HTTP/1.1 200 OK
522  DEBUG [2017-06-01 17:52:54]  << HTTP/1.1 200 OK
522  DEBUG [2017-06-01 17:52:54]  << Server: nginx/1.6.1
522  DEBUG [2017-06-01 17:52:54]  << Date: Thu, 01 Jun 2017 09:52:54 GMT
522  DEBUG [2017-06-01 17:52:54]  << Content-Type: text/html;charset=UTF-8
522  DEBUG [2017-06-01 17:52:54]  << Transfer-Encoding: chunked
522  DEBUG [2017-06-01 17:52:54]  << Connection: keep-alive
522  DEBUG [2017-06-01 17:52:54]  << Pragma: No-cache
522  DEBUG [2017-06-01 17:52:54]  << Cache-Control: no-cache
522  DEBUG [2017-06-01 17:52:54]  << Expires: Thu, 01 Jan 1970 00:00:00 GMT
523  DEBUG [2017-06-01 17:52:54]  << Vary: Accept-Encoding
528  DEBUG [2017-06-01 17:52:54]  Connection can be kept alive indefinitely
0    DEBUG [2017-06-05 18:04:00]  Request:
2    DEBUG [2017-06-05 18:04:00]  GET:https://api.weibo.com/2/friendships/followers.json
177  DEBUG [2017-06-05 18:04:00]  Authorization: OAuth2 2.00qpXv_G03_O8958a43b056dG2JOBE
177  DEBUG [2017-06-05 18:04:00]  API-RemoteIP: 192.168.40.60
1397 DEBUG [2017-06-05 18:04:01]  Response:
1398 DEBUG [2017-06-05 18:04:01]  https StatusCode:200
1398 DEBUG [2017-06-05 18:04:01]  Server:nginx/1.6.1
1399 DEBUG [2017-06-05 18:04:01]  Date:Mon, 05 Jun 2017 10:04:01 GMT
1399 DEBUG [2017-06-05 18:04:01]  Content-Type:application/json;charset=UTF-8
1399 DEBUG [2017-06-05 18:04:01]  Transfer-Encoding:chunked
1400 DEBUG [2017-06-05 18:04:01]  Connection:keep-alive
1400 DEBUG [2017-06-05 18:04:01]  Vary:Accept-Encoding
1437 WARN  [2017-06-05 18:04:01]  Going to buffer response body of large or unknown size. Using getResponseBodyAsStream instead is recommended.
1439 DEBUG [2017-06-05 18:04:01]  {"users":[{"id":5795561553,"idstr":"5795561553","class":1,"screen_name":"m申曙","name":"m申曙","province":"14","city":"1","location":"山西 太原","description":"","url":"","profile_image_url":"http://tva2.sinaimg.cn/crop.0.0.200.200.50/006kdAjfjw1eza80x6ks0j305k05kwed.jpg","profile_url":"u/5795561553","domain":"","weihao":"","gender":"m","followers_count":98,"friends_count":193,"pagefriends_count":0,"statuses_count":644,"favourites_count":0,"created_at":"Wed Dec 16 18:01:04 +0800 2015","following":true,"allow_all_act_msg":false,"geo_enabled":true,"verified":false,"verified_type":-1,"remark":"","insecurity":{"sexual_content":false},"status_id":4115335994566473,"ptype":0,"allow_all_comment":true,"avatar_large":"http://tva2.sinaimg.cn/crop.0.0.200.200.180/006kdAjfjw1eza80x6ks0j305k05kwed.jpg","avatar_hd":"http://tva2.sinaimg.cn/crop.0.0.200.200.1024/006kdAjfjw1eza80x6ks0j305k05kwed.jpg","verified_reason":"","verified_trade":"","verified_reason_url":"","verified_source":"","verified_source_url":"","follow_me":true,"online_status":0,"bi_followers_count":25,"lang":"zh-cn","star":0,"mbtype":0,"mbrank":0,"block_word":0,"block_app":0,"credit_score":80,"user_ability":1024,"urank":14},{"id":5791138913,"idstr":"5791138913","class":1,"screen_name":"爱吃烤鱼的萌宝宝","name":"爱吃烤鱼的萌宝宝","province":"34","city":"1000","location":"安徽","description":"","url":"","profile_image_url":"http://tva4.sinaimg.cn/crop.0.0.200.200.50/006jV1Mljw1eza5g6ktxej305k05k74b.jpg","profile_url":"u/5791138913","domain":"","weihao":"","gender":"m","followers_count":76,"friends_count":136,"pagefriends_count":0,"statuses_count":4,"favourites_count":0,"created_at":"Sun Dec 13 20:53:55 +0800 2015","following":false,"allow_all_act_msg":false,"geo_enabled":true,"verified":false,"verified_type":-1,"remark":"","insecurity":{"sexual_content":false},"status_id":3925559526985324,"ptype":0,"allow_all_comment":true,"avatar_large":"http://tva4.sinaimg.cn/crop.0.0.200.200.180/006jV1Mljw1eza5g6ktxej305k05k74b.jpg","avatar_hd":"http://tva4.sinaimg.cn/crop.0.0.200.200.1024/006jV1Mljw1eza5g6ktxej305k05k74b.jpg","verified_reason":"","verified_trade":"","verified_reason_url":"","verified_source":"","verified_source_url":"","follow_me":true,"online_status":0,"bi_followers_count":4,"lang":"zh-cn","star":0,"mbtype":0,"mbrank":0,"block_word":0,"block_app":0,"credit_score":80,"user_ability":0,"urank":0},{"id":5612869682,"idstr":"5612869682","class":1,"screen_name":"等风-蜀黍","name":"等风-蜀黍","province":"11","city":"7","location":"北京 石景山区","description":"","url":"","profile_image_url":"http://tva4.sinaimg.cn/crop.0.0.200.200.50/0067R1Oajw1ez97pmp4unj305k05kjrw.jpg","profile_url":"u/5612869682","domain":"","weihao":"","gender":"m","followers_count":90,"friends_count":159,"pagefriends_count":0,"statuses_count":52,"favourites_count":0,"created_at":"Sun Dec 13 21:29:01 +0800 2015","following":false,"allow_all_act_msg":false,"geo_enabled":true,"verified":false,"verified_type":-1,"remark":"","insecurity":{"sexual_content":false},"status_id":4103493063544268,"ptype":0,"allow_all_comment":true,"avatar_large":"http://tva4.sinaimg.cn/crop.0.0.200.200.180/0067R1Oajw1ez97pmp4unj305k05kjrw.jpg","avatar_hd":"http://tva4.sinaimg.cn/crop.0.0.200.200.1024/0067R1Oajw1ez97pmp4unj305k05kjrw.jpg","verified_reason":"","verified_trade":"","verified_reason_url":"","verified_source":"","verified_source_url":"","follow_me":true,"online_status":0,"bi_followers_count":2,"lang":"zh-cn","star":0,"mbtype":0,"mbrank":0,"block_word":0,"block_app":0,"credit_score":80,"user_ability":0,"urank":6},{"id":5612899313,"idstr":"5612899313","class":1,"screen_name":"温和得小恶魔","name":"温和得小恶魔","province":"37","city":"12","location":"山东 莱芜","description":"","url":"","profile_image_url":"http://tva1.sinaimg.cn/crop.75.0.450.450.50/0067R9w5jw1ez954c8jyaj30go0cimyg.jpg","profile_url":"u/5612899313","domain":"","weihao":"","gender":"m","followers_count":84,"friends_count":146,"pagefriends_count":0,"statuses_count":9,"favourites_count":0,"created_at":"Wed Dec 16 03:18:12 +0800 2015","following":false,"allow_all_act_msg":false,"geo_enabled":true,"verified":false,"verified_type":-1,"remark":"","insecurity":{"sexual_content":false},"status_id":4014503814818728,"ptype":0,"allow_all_comment":true,"avatar_large":"http://tva1.sinaimg.cn/crop.75.0.450.450.180/0067R9w5jw1ez954c8jyaj30go0cimyg.jpg","avatar_hd":"http://tva1.sinaimg.cn/crop.75.0.450.450.1024/0067R9w5jw1ez954c8jyaj30go0cimyg.jpg","verified_reason":"","verified_trade":"","verified_reason_url":"","verified_source":"","verified_source_url":"","follow_me":true,"online_status":0,"bi_followers_count":3,"lang":"zh-cn","star":0,"mbtype":0,"mbrank":0,"block_word":0,"block_app":0,"credit_score":80,"user_ability":0,"urank":3}],"next_cursor":0,"previous_cursor":0,"total_number":108,"display_total_number":107}

1528 INFO  [2017-06-05 18:04:01]  User [id=5795561553, screenName=m申曙, name=m申曙, province=14, city=1, location=山西 太原, description=, url=, profileImageUrl=http://tva2.sinaimg.cn/crop.0.0.200.200.50/006kdAjfjw1eza80x6ks0j305k05kwed.jpg, userDomain=, gender=m, followersCount=98, friendsCount=193, statusesCount=644, favouritesCount=0, createdAt=Wed Dec 16 18:01:04 CST 2015, following=true, verified=false, verifiedType=-1, allowAllActMsg=false, allowAllComment=true, followMe=true, avatarLarge=http://tva2.sinaimg.cn/crop.0.0.200.200.180/006kdAjfjw1eza80x6ks0j305k05kwed.jpg, onlineStatus=0, status=null, biFollowersCount=25, remark=null, lang=zh-cn, verifiedReason=, weihao=, statusId=4115335994566473]
1529 INFO  [2017-06-05 18:04:01]  User [id=5791138913, screenName=爱吃烤鱼的萌宝宝, name=爱吃烤鱼的萌宝宝, province=34, city=1000, location=安徽, description=, url=, profileImageUrl=http://tva4.sinaimg.cn/crop.0.0.200.200.50/006jV1Mljw1eza5g6ktxej305k05k74b.jpg, userDomain=, gender=m, followersCount=76, friendsCount=136, statusesCount=4, favouritesCount=0, createdAt=Sun Dec 13 20:53:55 CST 2015, following=false, verified=false, verifiedType=-1, allowAllActMsg=false, allowAllComment=true, followMe=true, avatarLarge=http://tva4.sinaimg.cn/crop.0.0.200.200.180/006jV1Mljw1eza5g6ktxej305k05k74b.jpg, onlineStatus=0, status=null, biFollowersCount=4, remark=null, lang=zh-cn, verifiedReason=, weihao=, statusId=3925559526985324]
1529 INFO  [2017-06-05 18:04:01]  User [id=5612869682, screenName=等风-蜀黍, name=等风-蜀黍, province=11, city=7, location=北京 石景山区, description=, url=, profileImageUrl=http://tva4.sinaimg.cn/crop.0.0.200.200.50/0067R1Oajw1ez97pmp4unj305k05kjrw.jpg, userDomain=, gender=m, followersCount=90, friendsCount=159, statusesCount=52, favouritesCount=0, createdAt=Sun Dec 13 21:29:01 CST 2015, following=false, verified=false, verifiedType=-1, allowAllActMsg=false, allowAllComment=true, followMe=true, avatarLarge=http://tva4.sinaimg.cn/crop.0.0.200.200.180/0067R1Oajw1ez97pmp4unj305k05kjrw.jpg, onlineStatus=0, status=null, biFollowersCount=2, remark=null, lang=zh-cn, verifiedReason=, weihao=, statusId=4103493063544268]
1529 INFO  [2017-06-05 18:04:01]  User [id=5612899313, screenName=温和得小恶魔, name=温和得小恶魔, province=37, city=12, location=山东 莱芜, description=, url=, profileImageUrl=http://tva1.sinaimg.cn/crop.75.0.450.450.50/0067R9w5jw1ez954c8jyaj30go0cimyg.jpg, userDomain=, gender=m, followersCount=84, friendsCount=146, statusesCount=9, favouritesCount=0, createdAt=Wed Dec 16 03:18:12 CST 2015, following=false, verified=false, verifiedType=-1, allowAllActMsg=false, allowAllComment=true, followMe=true, avatarLarge=http://tva1.sinaimg.cn/crop.75.0.450.450.180/0067R9w5jw1ez954c8jyaj30go0cimyg.jpg, onlineStatus=0, status=null, biFollowersCount=3, remark=null, lang=zh-cn, verifiedReason=, weihao=, statusId=4014503814818728]
0    DEBUG [2017-06-07 10:08:25]  Request:
9    DEBUG [2017-06-07 10:08:25]  GET:https://api.weibo.com/2/friendships/followers.json
46   DEBUG [2017-06-07 10:08:25]  Authorization: OAuth2 2.00il7qHG03_O899b39e41ac16PP2TD
47   DEBUG [2017-06-07 10:08:25]  API-RemoteIP: 192.168.40.60
564  DEBUG [2017-06-07 10:08:25]  Response:
565  DEBUG [2017-06-07 10:08:25]  https StatusCode:400
565  DEBUG [2017-06-07 10:08:25]  Server:nginx/1.6.1
565  DEBUG [2017-06-07 10:08:25]  Date:Wed, 07 Jun 2017 02:08:25 GMT
565  DEBUG [2017-06-07 10:08:25]  Content-Type:application/json;charset=UTF-8
565  DEBUG [2017-06-07 10:08:25]  Transfer-Encoding:chunked
565  DEBUG [2017-06-07 10:08:25]  Connection:keep-alive
566  DEBUG [2017-06-07 10:08:25]  Vary:Accept-Encoding
577  WARN  [2017-06-07 10:08:25]  Going to buffer response body of large or unknown size. Using getResponseBodyAsStream instead is recommended.
578  DEBUG [2017-06-07 10:08:25]  {"error":"source paramter(appkey) is missing","error_code":10006,"request":"/2/friendships/followers.json"}

1    DEBUG [2017-06-07 10:11:59]  Request:
1    DEBUG [2017-06-07 10:11:59]  GET:https://api.weibo.com/2/friendships/followers.json
44   DEBUG [2017-06-07 10:11:59]  Authorization: OAuth2 2.00qpXv_G03_O8958a43b056dG2JOBE
44   DEBUG [2017-06-07 10:11:59]  API-RemoteIP: 192.168.40.60
744  DEBUG [2017-06-07 10:12:00]  Response:
745  DEBUG [2017-06-07 10:12:00]  https StatusCode:200
745  DEBUG [2017-06-07 10:12:00]  Server:nginx/1.6.1
745  DEBUG [2017-06-07 10:12:00]  Date:Wed, 07 Jun 2017 02:12:00 GMT
745  DEBUG [2017-06-07 10:12:00]  Content-Type:application/json;charset=UTF-8
745  DEBUG [2017-06-07 10:12:00]  Transfer-Encoding:chunked
745  DEBUG [2017-06-07 10:12:00]  Connection:keep-alive
745  DEBUG [2017-06-07 10:12:00]  Vary:Accept-Encoding
748  WARN  [2017-06-07 10:12:00]  Going to buffer response body of large or unknown size. Using getResponseBodyAsStream instead is recommended.
749  DEBUG [2017-06-07 10:12:00]  {"error":"request uid's value must be the current user","error_code":21335,"request":"/2/friendships/followers.json"}

0    DEBUG [2017-06-07 10:12:13]  Request:
0    DEBUG [2017-06-07 10:12:13]  GET:https://api.weibo.com/2/friendships/followers.json
31   DEBUG [2017-06-07 10:12:13]  Authorization: OAuth2 2.00il7qHG03_O899b39e41ac16PP2TD
31   DEBUG [2017-06-07 10:12:13]  API-RemoteIP: 192.168.40.60
519  DEBUG [2017-06-07 10:12:14]  Response:
519  DEBUG [2017-06-07 10:12:14]  https StatusCode:400
519  DEBUG [2017-06-07 10:12:14]  Server:nginx/1.6.1
519  DEBUG [2017-06-07 10:12:14]  Date:Wed, 07 Jun 2017 02:12:14 GMT
519  DEBUG [2017-06-07 10:12:14]  Content-Type:application/json;charset=UTF-8
519  DEBUG [2017-06-07 10:12:14]  Transfer-Encoding:chunked
520  DEBUG [2017-06-07 10:12:14]  Connection:keep-alive
520  DEBUG [2017-06-07 10:12:14]  Vary:Accept-Encoding
521  WARN  [2017-06-07 10:12:14]  Going to buffer response body of large or unknown size. Using getResponseBodyAsStream instead is recommended.
522  DEBUG [2017-06-07 10:12:14]  {"error":"source paramter(appkey) is missing","error_code":10006,"request":"/2/friendships/followers.json"}

0    DEBUG [2017-06-07 10:12:51]  Request:
1    DEBUG [2017-06-07 10:12:51]  GET:https://api.weibo.com/2/friendships/followers.json
34   DEBUG [2017-06-07 10:12:51]  Authorization: OAuth2 2.00il7qHG03_O899b39e41ac16PP2TD
34   DEBUG [2017-06-07 10:12:51]  API-RemoteIP: 192.168.40.60
468  DEBUG [2017-06-07 10:12:52]  Response:
468  DEBUG [2017-06-07 10:12:52]  https StatusCode:400
469  DEBUG [2017-06-07 10:12:52]  Server:nginx/1.6.1
469  DEBUG [2017-06-07 10:12:52]  Date:Wed, 07 Jun 2017 02:12:52 GMT
469  DEBUG [2017-06-07 10:12:52]  Content-Type:application/json;charset=UTF-8
469  DEBUG [2017-06-07 10:12:52]  Transfer-Encoding:chunked
470  DEBUG [2017-06-07 10:12:52]  Connection:keep-alive
470  DEBUG [2017-06-07 10:12:52]  Vary:Accept-Encoding
472  WARN  [2017-06-07 10:12:52]  Going to buffer response body of large or unknown size. Using getResponseBodyAsStream instead is recommended.
473  DEBUG [2017-06-07 10:12:52]  {"error":"source paramter(appkey) is missing","error_code":10006,"request":"/2/friendships/followers.json"}

0    INFO  [2017-06-07 10:24:47]  code: 14bb36d5bdf89eb6412e062a78bf0484
42   DEBUG [2017-06-07 10:24:47]  Request:
42   DEBUG [2017-06-07 10:24:47]  POSThttps://api.weibo.com/oauth2/access_token
917  DEBUG [2017-06-07 10:24:48]  Response:
918  DEBUG [2017-06-07 10:24:48]  https StatusCode:200
918  DEBUG [2017-06-07 10:24:48]  Server:nginx/1.6.1
918  DEBUG [2017-06-07 10:24:48]  Date:Wed, 07 Jun 2017 02:24:48 GMT
918  DEBUG [2017-06-07 10:24:48]  Content-Type:text/plain;charset=UTF-8
919  DEBUG [2017-06-07 10:24:48]  Content-Length:111
919  DEBUG [2017-06-07 10:24:48]  Connection:keep-alive
919  DEBUG [2017-06-07 10:24:48]  Pragma:No-cache
919  DEBUG [2017-06-07 10:24:48]  Cache-Control:no-cache
919  DEBUG [2017-06-07 10:24:48]  Expires:Thu, 01 Jan 1970 00:00:00 GMT
935  DEBUG [2017-06-07 10:24:48]  {"access_token":"2.00qpXv_G1GbIuB347e41d1a8ApiBZB","remind_in":"146111","expires_in":146111,"uid":"5791262138"}

0    DEBUG [2017-06-07 10:25:25]  Request:
1    DEBUG [2017-06-07 10:25:25]  GET:https://api.weibo.com/2/friendships/followers.json
20   DEBUG [2017-06-07 10:25:25]  Authorization: OAuth2 2.00il7qHG03_O899b39e41ac16PP2TD
20   DEBUG [2017-06-07 10:25:25]  API-RemoteIP: 192.168.40.60
409  DEBUG [2017-06-07 10:25:26]  Response:
409  DEBUG [2017-06-07 10:25:26]  https StatusCode:400
409  DEBUG [2017-06-07 10:25:26]  Server:nginx/1.6.1
409  DEBUG [2017-06-07 10:25:26]  Date:Wed, 07 Jun 2017 02:25:26 GMT
409  DEBUG [2017-06-07 10:25:26]  Content-Type:application/json;charset=UTF-8
409  DEBUG [2017-06-07 10:25:26]  Transfer-Encoding:chunked
409  DEBUG [2017-06-07 10:25:26]  Connection:keep-alive
409  DEBUG [2017-06-07 10:25:26]  Vary:Accept-Encoding
411  WARN  [2017-06-07 10:25:26]  Going to buffer response body of large or unknown size. Using getResponseBodyAsStream instead is recommended.
411  DEBUG [2017-06-07 10:25:26]  {"error":"source paramter(appkey) is missing","error_code":10006,"request":"/2/friendships/followers.json"}

0    DEBUG [2017-06-07 10:57:42]  Request:
1    DEBUG [2017-06-07 10:57:42]  GET:https://api.weibo.com/2/comments/mentions.json
24   DEBUG [2017-06-07 10:57:42]  Authorization: OAuth2 2.00il7qHG03_O899b39e41ac16PP2TD
24   DEBUG [2017-06-07 10:57:42]  API-RemoteIP: 192.168.40.60
629  DEBUG [2017-06-07 10:57:43]  Response:
629  DEBUG [2017-06-07 10:57:43]  https StatusCode:422
629  DEBUG [2017-06-07 10:57:43]  Server:nginx/1.6.1
629  DEBUG [2017-06-07 10:57:43]  Date:Wed, 07 Jun 2017 02:57:43 GMT
629  DEBUG [2017-06-07 10:57:43]  Content-Type:application/json;charset=UTF-8
629  DEBUG [2017-06-07 10:57:43]  Transfer-Encoding:chunked
629  DEBUG [2017-06-07 10:57:43]  Connection:keep-alive
629  DEBUG [2017-06-07 10:57:43]  Cache-Control:no-store
629  DEBUG [2017-06-07 10:57:43]  Content-Language:en-US
629  DEBUG [2017-06-07 10:57:43]  Vary:Accept-Encoding
646  WARN  [2017-06-07 10:57:43]  Going to buffer response body of large or unknown size. Using getResponseBodyAsStream instead is recommended.
646  DEBUG [2017-06-07 10:57:43]  {"error":"invalid_access_token","request":"/2/comments/mentions.json","error_code":10006}

0    DEBUG [2017-06-07 10:58:01]  Request:
1    DEBUG [2017-06-07 10:58:01]  GET:https://api.weibo.com/2/comments/mentions.json
17   DEBUG [2017-06-07 10:58:01]  Authorization: OAuth2 2.0qpXv_G03_O8958a43b056dG2JOBE
17   DEBUG [2017-06-07 10:58:01]  API-RemoteIP: 192.168.40.60
432  DEBUG [2017-06-07 10:58:02]  Response:
433  DEBUG [2017-06-07 10:58:02]  https StatusCode:422
433  DEBUG [2017-06-07 10:58:02]  Server:nginx/1.6.1
433  DEBUG [2017-06-07 10:58:02]  Date:Wed, 07 Jun 2017 02:58:02 GMT
433  DEBUG [2017-06-07 10:58:02]  Content-Type:application/json;charset=UTF-8
434  DEBUG [2017-06-07 10:58:02]  Transfer-Encoding:chunked
434  DEBUG [2017-06-07 10:58:02]  Connection:keep-alive
434  DEBUG [2017-06-07 10:58:02]  Cache-Control:no-store
434  DEBUG [2017-06-07 10:58:02]  Content-Language:en-US
434  DEBUG [2017-06-07 10:58:02]  Vary:Accept-Encoding
437  WARN  [2017-06-07 10:58:02]  Going to buffer response body of large or unknown size. Using getResponseBodyAsStream instead is recommended.
438  DEBUG [2017-06-07 10:58:02]  {"error":"invalid_access_token","request":"/2/comments/mentions.json","error_code":10006}

0    DEBUG [2017-06-07 10:59:35]  Request:
1    DEBUG [2017-06-07 10:59:35]  GET:https://api.weibo.com/2/comments/mentions.json
30   DEBUG [2017-06-07 10:59:35]  Authorization: OAuth2 2.0qpXv_G03_O8958a43b056dG2JOBE
30   DEBUG [2017-06-07 10:59:35]  API-RemoteIP: 192.168.40.60
461  DEBUG [2017-06-07 10:59:35]  Response:
461  DEBUG [2017-06-07 10:59:35]  https StatusCode:422
461  DEBUG [2017-06-07 10:59:35]  Server:nginx/1.6.1
461  DEBUG [2017-06-07 10:59:35]  Date:Wed, 07 Jun 2017 02:59:35 GMT
461  DEBUG [2017-06-07 10:59:35]  Content-Type:application/json;charset=UTF-8
461  DEBUG [2017-06-07 10:59:35]  Transfer-Encoding:chunked
461  DEBUG [2017-06-07 10:59:35]  Connection:keep-alive
461  DEBUG [2017-06-07 10:59:35]  Cache-Control:no-store
462  DEBUG [2017-06-07 10:59:35]  Content-Language:en-US
462  DEBUG [2017-06-07 10:59:35]  Vary:Accept-Encoding
463  WARN  [2017-06-07 10:59:35]  Going to buffer response body of large or unknown size. Using getResponseBodyAsStream instead is recommended.
464  DEBUG [2017-06-07 10:59:35]  {"error":"invalid_access_token","request":"/2/comments/mentions.json","error_code":10006}

0    DEBUG [2017-06-07 10:59:53]  Request:
1    DEBUG [2017-06-07 10:59:53]  GET:https://api.weibo.com/2/comments/mentions.json
32   DEBUG [2017-06-07 10:59:53]  Authorization: OAuth2 2.00qpXv_G03_O8958a43b056dG2JOBE
32   DEBUG [2017-06-07 10:59:53]  API-RemoteIP: 192.168.40.60
486  DEBUG [2017-06-07 10:59:53]  Response:
486  DEBUG [2017-06-07 10:59:53]  https StatusCode:200
486  DEBUG [2017-06-07 10:59:53]  Server:nginx/1.6.1
487  DEBUG [2017-06-07 10:59:53]  Date:Wed, 07 Jun 2017 02:59:54 GMT
487  DEBUG [2017-06-07 10:59:53]  Content-Type:application/json;charset=UTF-8
487  DEBUG [2017-06-07 10:59:53]  Content-Length:100
487  DEBUG [2017-06-07 10:59:53]  Connection:keep-alive
496  DEBUG [2017-06-07 10:59:53]  {"comments":[],"hasvisible":false,"previous_cursor":0,"next_cursor":0,"total_number":0,"interval":0}

569  INFO  [2017-06-07 10:59:53]  CommentWapper [comments=[], previousCursor=0, nextCursor=0, totalNumber=0, hasvisible=false]
0    WARN  [2017-07-04 14:57:42]  Going to buffer response body of large or unknown size. Using getResponseBodyAsStream instead is recommended.
2479 WARN  [2017-07-04 14:57:44]  Going to buffer response body of large or unknown size. Using getResponseBodyAsStream instead is recommended.
3234 WARN  [2017-07-04 14:57:45]  Going to buffer response body of large or unknown size. Using getResponseBodyAsStream instead is recommended.
0    INFO  [2017-09-04 12:34:39]  code: 4c4720ea2f34b83d015c42be1b0e9e4b
109  DEBUG [2017-09-04 12:34:39]  Request:
110  DEBUG [2017-09-04 12:34:39]  POSThttps://api.weibo.com/oauth2/access_token
3867 DEBUG [2017-09-04 12:34:43]  Response:
3868 DEBUG [2017-09-04 12:34:43]  https StatusCode:200
3868 DEBUG [2017-09-04 12:34:43]  Server:nginx/1.6.1
3868 DEBUG [2017-09-04 12:34:43]  Date:Mon, 04 Sep 2017 04:34:45 GMT
3868 DEBUG [2017-09-04 12:34:43]  Content-Type:application/json;charset=UTF-8
3868 DEBUG [2017-09-04 12:34:43]  Content-Length:113
3868 DEBUG [2017-09-04 12:34:43]  Connection:keep-alive
3868 DEBUG [2017-09-04 12:34:43]  Pragma:No-cache
3868 DEBUG [2017-09-04 12:34:43]  Cache-Control:no-cache
3869 DEBUG [2017-09-04 12:34:43]  Expires:Thu, 01 Jan 1970 00:00:00 GMT
3917 DEBUG [2017-09-04 12:34:43]  {"access_token":"2.00vSd_wBzfFy9Cb3c485582443lwhC","remind_in":"2643915","expires_in":2643915,"uid":"1777839641"}

0    INFO  [2017-09-04 12:37:49]  code: 8f7d2c8a9d49dc52c5534decb998cf7a
68   DEBUG [2017-09-04 12:37:49]  Request:
69   DEBUG [2017-09-04 12:37:49]  POSThttps://api.weibo.com/oauth2/access_token
1604 DEBUG [2017-09-04 12:37:51]  Response:
1605 DEBUG [2017-09-04 12:37:51]  https StatusCode:200
1606 DEBUG [2017-09-04 12:37:51]  Server:nginx/1.6.1
1606 DEBUG [2017-09-04 12:37:51]  Date:Mon, 04 Sep 2017 04:37:52 GMT
1606 DEBUG [2017-09-04 12:37:51]  Content-Type:application/json;charset=UTF-8
1607 DEBUG [2017-09-04 12:37:51]  Content-Length:113
1607 DEBUG [2017-09-04 12:37:51]  Connection:keep-alive
1607 DEBUG [2017-09-04 12:37:51]  Pragma:No-cache
1608 DEBUG [2017-09-04 12:37:51]  Cache-Control:no-cache
1608 DEBUG [2017-09-04 12:37:51]  Expires:Thu, 01 Jan 1970 00:00:00 GMT
1636 DEBUG [2017-09-04 12:37:51]  {"access_token":"2.00JTNrHGzfFy9C46a9188f1e_LWESB","remind_in":"2643727","expires_in":2643727,"uid":"5612914507"}

0    INFO  [2017-09-04 12:42:49]  code: 219980fa131fe5697a84ea0ef80fe1d2
6    DEBUG [2017-09-04 12:42:49]  Request:
7    DEBUG [2017-09-04 12:42:49]  POSThttps://api.weibo.com/oauth2/access_token
584  DEBUG [2017-09-04 12:42:49]  Response:
584  DEBUG [2017-09-04 12:42:49]  https StatusCode:200
585  DEBUG [2017-09-04 12:42:49]  Server:nginx/1.6.1
585  DEBUG [2017-09-04 12:42:49]  Date:Mon, 04 Sep 2017 04:42:51 GMT
586  DEBUG [2017-09-04 12:42:49]  Content-Type:application/json;charset=UTF-8
586  DEBUG [2017-09-04 12:42:49]  Content-Length:113
586  DEBUG [2017-09-04 12:42:49]  Connection:keep-alive
587  DEBUG [2017-09-04 12:42:49]  Pragma:No-cache
587  DEBUG [2017-09-04 12:42:49]  Cache-Control:no-cache
587  DEBUG [2017-09-04 12:42:49]  Expires:Thu, 01 Jan 1970 00:00:00 GMT
595  DEBUG [2017-09-04 12:42:49]  {"access_token":"2.00JTNrHGzfFy9C46a9188f1e_LWESB","remind_in":"2643428","expires_in":2643428,"uid":"5612914507"}

